Sat 12 Nov 2022 15:04:10 INFO  
General Hyper Parameters:
gpu_id = 0
use_gpu = True
seed = 2020
state = INFO
reproducibility = True
data_path = dataset/ml_100k_time
checkpoint_dir = saved
show_progress = True
save_dataset = False
dataset_save_path = None
save_dataloaders = False
dataloaders_save_path = None
log_wandb = False

Training Hyper Parameters:
epochs = 20
train_batch_size = 2048
learner = adam
learning_rate = 0.001
neg_sampling = {'uniform': 10}
eval_step = 1
stopping_step = 20
clip_grad_norm = None
weight_decay = 0.0
loss_decimal_place = 4

Evaluation Hyper Parameters:
eval_args = {'split': {'RS': [0.8, 0.1, 0.1]}, 'group_by': 'user', 'order': 'TO', 'mode': 'labeled'}
repeatable = False
metrics = ['RMSE', 'MAE', 'AUC', 'LogLoss']
topk = [10]
valid_metric = logloss
valid_metric_bigger = False
eval_batch_size = 2048
metric_decimal_place = 4

Dataset Hyper Parameters:
field_separator = 	
seq_separator =  
USER_ID_FIELD = user_id
ITEM_ID_FIELD = item_id
RATING_FIELD = rating
TIME_FIELD = timestamp
seq_len = None
LABEL_FIELD = rating
threshold = None
NEG_PREFIX = neg_
load_col = {'inter': ['user_id', 'item_id', 'rating', 'timestamp']}
unload_col = None
unused_col = None
additional_feat_suffix = None
rm_dup_inter = None
val_interval = None
filter_inter_by_user_or_item = True
user_inter_num_interval = [5,20]
item_inter_num_interval = [0,inf)
alias_of_user_id = None
alias_of_item_id = None
alias_of_entity_id = None
alias_of_relation_id = None
preload_weight = None
normalize_field = ['timestamp', 'rating']
normalize_all = None
ITEM_LIST_LENGTH_FIELD = item_length
LIST_SUFFIX = _list
MAX_ITEM_LIST_LENGTH = 50
POSITION_FIELD = position_id
HEAD_ENTITY_ID_FIELD = head_id
TAIL_ENTITY_ID_FIELD = tail_id
RELATION_ID_FIELD = relation_id
ENTITY_ID_FIELD = entity_id
benchmark_filename = ['train', 'valid', 'test']

Other Hyper Parameters: 
wandb_project = recbole
require_pow = False
loss_type = BPR
embedding_size = 64
item_bin_size = 10
MODEL_TYPE = ModelType.GENERAL
num_time_sample = 10
K = 7
T = 100
M = 3
sig = 0.5
n_times = 32
Lambda = 0.5
sample_type = 3
entropy_threshold = 0.5
ips_freq = 2
imp_freq = 2
base_freq = 1
gamma_v = 1.1
gamma_t = 1.1
task = ips
psv_path = init_ps/item_ps.pth
pst_path = init_ps/time_regressionps_7_100.pth
MODEL_INPUT_TYPE = InputType.POINTWISE
eval_type = EvaluatorType.VALUE
device = cpu
train_neg_sample_args = {'strategy': 'by', 'by': 10, 'distribution': 'uniform', 'dynamic': 'none'}
eval_neg_sample_args = {'strategy': 'none', 'distribution': 'none'}


Sat 12 Nov 2022 15:04:10 INFO  ml_100k_time
The number of users: 944
Average actions of users: 106.04453870625663
The number of items: 1683
Average actions of items: 59.45303210463734
The number of inters: 100000
The sparsity of the dataset: 93.70575143257098%
Remain Fields: ['user_id', 'item_id', 'rating', 'timestamp', 'time_origin']
Sat 12 Nov 2022 15:04:10 INFO  [Training]: train_batch_size = [2048] negative sampling: [{'uniform': 10}]
Sat 12 Nov 2022 15:04:10 INFO  [Evaluation]: eval_batch_size = [2048] eval_args: [{'split': {'RS': [0.8, 0.1, 0.1]}, 'group_by': 'user', 'order': 'TO', 'mode': 'labeled'}]
Sat 12 Nov 2022 15:04:10 WARNING  Max value of user's history interaction records has reached 26.322043969102793% of the total.
Sat 12 Nov 2022 15:04:10 INFO  TimeSVD(
  (pu): Embedding(944, 64)
  (qi): Embedding(1683, 64)
  (sigmoid): Sigmoid()
)
Trainable parameters: 168128
Sat 12 Nov 2022 15:04:38 INFO  epoch 0 training [time: 28.03s, train loss: 86577875664.0000]
Sat 12 Nov 2022 15:04:38 INFO  epoch 0 evaluating [time: 0.02s, valid_score: 1.770600]
Sat 12 Nov 2022 15:04:38 INFO  valid result: 
rmse : 0.5197    mae : 0.4558    auc : 0.6271    logloss : 1.7706
Sat 12 Nov 2022 15:04:38 INFO  Saving current: saved/TimeSVD-Nov-12-2022_15-04-10.pth
